<?xml version="1.0" encoding="UTF-8"?>
<testsuite name="com.example.epassport.data.parser.TlvParserTest" tests="6" skipped="0" failures="0" errors="0" timestamp="2026-03-18T11:28:09" hostname="yuma" time="0.005">
  <properties/>
  <testcase name="parseLength_twoBytes" classname="com.example.epassport.data.parser.TlvParserTest" time="0.001"/>
  <testcase name="parseLength_singleByte" classname="com.example.epassport.data.parser.TlvParserTest" time="0.0"/>
  <testcase name="parseTag_twoBytes" classname="com.example.epassport.data.parser.TlvParserTest" time="0.001"/>
  <testcase name="parseTag_singleByte" classname="com.example.epassport.data.parser.TlvParserTest" time="0.0"/>
  <testcase name="parseLength_threeBytes" classname="com.example.epassport.data.parser.TlvParserTest" time="0.001"/>
  <testcase name="parseSimpleTree" classname="com.example.epassport.data.parser.TlvParserTest" time="0.001"/>
  <system-out><![CDATA[]]></system-out>
  <system-err><![CDATA[]]></system-err>
</testsuite>
