<?xml version="1.0" encoding="UTF-8"?>
<testsuite name="com.example.epassport.domain.model.MrzDataTest" tests="3" skipped="0" failures="0" errors="0" timestamp="2026-03-18T11:28:05" hostname="yuma" time="0.29">
  <properties/>
  <testcase name="deriveBacKeys_matchesIcaoAppendixD" classname="com.example.epassport.domain.model.MrzDataTest" time="0.266"/>
  <testcase name="computeCheckDigit_isValid" classname="com.example.epassport.domain.model.MrzDataTest" time="0.013"/>
  <testcase name="deriveBacKeySeed_matchesIcaoAppendixD" classname="com.example.epassport.domain.model.MrzDataTest" time="0.011"/>
  <system-out><![CDATA[]]></system-out>
  <system-err><![CDATA[]]></system-err>
</testsuite>
